Arguments: 
  /usr/local/bin/node /usr/local/Cellar/yarn/1.21.1/libexec/bin/yarn.js

PATH: 
  /Library/Frameworks/Python.framework/Versions/3.7/bin:/Library/PostgreSQL/11/bin:/usr/local/bin:i/usr/local/bin:/usr/bin:/bin:/usr/sbin:/sbin:/Users/ylm3/Library/Python/3.7/bin:/Library/PostgreSQL/11/bin

Yarn version: 
  1.21.1

Node version: 
  12.18.2

Platform: 
  darwin x64

Trace: 
  SyntaxError: /Users/ylm3/SnowballGR_Gitlab/snowballgr-ui/package.json: Unexpected token } in JSON at position 441
      at JSON.parse (<anonymous>)
      at /usr/local/Cellar/yarn/1.21.1/libexec/lib/cli.js:1625:59
      at Generator.next (<anonymous>)
      at step (/usr/local/Cellar/yarn/1.21.1/libexec/lib/cli.js:310:30)
      at /usr/local/Cellar/yarn/1.21.1/libexec/lib/cli.js:321:13

npm manifest: 
  {
    "name": "react-table",
    "version": "1.0.0",
    "private": true,
    "dependencies": {
      "@ant-design/icons": "^4.6.2",
      "@testing-library/jest-dom": "^4.6.2",
      "@testing-library/react": "^11.1.0",
      "@testing-library/user-event": "^12.1.10",
      "antd": "^4.14.0",
      "axios": "^0.21.1",
      "fbemitter": "^3.0.0",
      "react": "^17.0.1",
      "react-dom": "^17.0.1",
      "react-scripts": "^4.0.3",
      "web-vitals": "^1.0.1",
    },
    "scripts": {
      "start": "react-scripts start",
      "build": "react-scripts build",
      "test": "react-scripts test",
      "eject": "react-scripts eject"
    },
    "eslintConfig": {
      "extends": [
        "react-app",
        "react-app/jest"
      ]
    },
    "browserslist": {
      "production": [
        ">0.2%",
        "not dead",
        "not op_mini all"
      ],
      "development": [
        "last 1 chrome version",
        "last 1 firefox version",
        "last 1 safari version"
      ]
    }
  
  }

yarn manifest: 
  No manifest

Lockfile: 
  # THIS IS AN AUTOGENERATED FILE. DO NOT EDIT THIS FILE DIRECTLY.
  # yarn lockfile v1
